<?xml version="1.0" encoding="UTF-8"?>
<!-- Generated by org.testng.reporters.JUnitReportReporter -->
<testsuite skipped="0" hostname="DESKTOP-3OEOHM8" name="org.fb.Login" tests="1" failures="0" timestamp="25 Apr 2021 13:29:06 GMT" time="103.818" errors="0">
  <testcase name="tc0" time="103.818" classname="org.fb.Login"/>
</testsuite> <!-- org.fb.Login -->
